<?xml version="1.0" encoding="UTF-8"?>
<!-- Generated by org.testng.reporters.JUnitReportReporter -->
<testsuite hostname="SunilSharma" failures="0" tests="1" name="com.demoaut.newtours.TestScripts.VerifyInvalidLoginTest" time="12.979" errors="0" timestamp="2020-06-12T15:00:50 EDT" skipped="0">
  <testcase classname="com.demoaut.newtours.TestScripts.VerifyInvalidLoginTest" name="verifyInvalidLogin" time="12.979"/>
</testsuite> <!-- com.demoaut.newtours.TestScripts.VerifyInvalidLoginTest -->
